<?xml version="1.0" encoding="UTF-8"?>
<!-- Generated by org.testng.reporters.JUnitReportReporter -->
<testsuite hostname="MSI" failures="0" tests="1" name="tests.Jqueryui" time="0.469" errors="0" timestamp="2024-08-12T13:47:01 IST" skipped="0">
  <testcase classname="tests.Jqueryui" name="dragBox" time="0.469"/>
</testsuite> <!-- tests.Jqueryui -->
